Using pre-set license

 COMMAND LINE ARGUMENTS:
/Applications/Unity/2020.2.3f1/Unity.app/Contents/MacOS/Unity
-adb2
-batchMode
-noUpm
-name
AssetImportWorker1
-projectPath
/Volumes/Mac HD 1T/Unity/Pruebas/14-PruebasIluminacion
-logFile
Logs/AssetImportWorker1.log
-srvPort
49748
Successfully changed project path to: /Volumes/Mac HD 1T/Unity/Pruebas/14-PruebasIluminacion
/Volumes/Mac HD 1T/Unity/Pruebas/14-PruebasIluminacion
Using Asset Import Pipeline V2.
Refreshing native plugins compatible for Editor in 199.72 ms, found 1 plugins.
Preloading 0 native plugins for Editor in 0.00 ms.
Initialize engine version: 2020.2.3f1 (8ff31bc5bf5b)
[Subsystems] Discovering subsystems at path /Applications/Unity/2020.2.3f1/Unity.app/Contents/Resources/UnitySubsystems
[Subsystems] Discovering subsystems at path /Volumes/Mac HD 1T/Unity/Pruebas/14-PruebasIluminacion/Assets
GfxDevice: creating device client; threaded=0
Renderer: NVIDIA GeForce 9400M OpenGL Engine
Vendor:   NVIDIA Corporation
Version:  3.3 NVIDIA-10.4.14 310.90.30.05b27
GLES:     0
 GL_ARB_blend_func_extended GL_ARB_ES2_compatibility GL_ARB_explicit_attrib_location GL_ARB_instanced_arrays GL_ARB_internalformat_query GL_ARB_occlusion_query2 GL_ARB_sampler_objects GL_ARB_separate_shader_objects GL_ARB_shader_bit_encoding GL_ARB_shading_language_include GL_ARB_texture_rgb10_a2ui GL_ARB_texture_storage GL_ARB_texture_swizzle GL_ARB_timer_query GL_ARB_vertex_type_2_10_10_10_rev GL_ARB_viewport_array GL_EXT_debug_label GL_EXT_debug_marker GL_EXT_depth_bounds_test GL_EXT_framebuffer_multisample_blit_scaled GL_EXT_texture_compression_s3tc GL_EXT_texture_filter_anisotropic GL_EXT_texture_mirror_clamp GL_EXT_texture_sRGB_decode GL_APPLE_client_storage GL_APPLE_container_object_shareable GL_APPLE_flush_render GL_APPLE_object_purgeable GL_APPLE_rgb_422 GL_APPLE_row_bytes GL_APPLE_texture_range GL_ATI_texture_mirror_once GL_NV_texture_barrier
OPENGL LOG: Creating OpenGL 3.3 graphics device ; Context level  <OpenGL 3.3> ; Context handle 680209408
Initialize mono
Mono path[0] = '/Applications/Unity/2020.2.3f1/Unity.app/Contents/Managed'
Mono path[1] = '/Applications/Unity/2020.2.3f1/Unity.app/Contents/MonoBleedingEdge/lib/mono/unityjit'
Mono config path = '/Applications/Unity/2020.2.3f1/Unity.app/Contents/MonoBleedingEdge/etc'
Using monoOptions --debugger-agent=transport=dt_socket,embedding=1,server=y,suspend=n,address=127.0.0.1:56245
Begin MonoManager ReloadAssembly
Registering precompiled unity dll's ...
Register platform support module: /Applications/Unity/2020.2.3f1/PlaybackEngines/WebGLSupport/UnityEditor.WebGL.Extensions.dll
Register platform support module: /Applications/Unity/2020.2.3f1/Unity.app/Contents/PlaybackEngines/MacStandaloneSupport/UnityEditor.OSXStandalone.Extensions.dll
Registered in 0.001462 seconds.
Native extension for OSXStandalone target not found
Native extension for WebGL target not found
Refreshing native plugins compatible for Editor in 152.83 ms, found 1 plugins.
Preloading 0 native plugins for Editor in 0.00 ms.
Invoked RoslynAnalysisRunner static constructor.
RoslynAnalysisRunner will not be running.
RoslynAnalysisRunner has terminated.
Mono: successfully reloaded assembly
- Completed reload, in  6.532 seconds
Platform modules already initialized, skipping
Registering precompiled user dll's ...
Registered in 0.004002 seconds.
Begin MonoManager ReloadAssembly
Native extension for OSXStandalone target not found
Native extension for WebGL target not found
Refreshing native plugins compatible for Editor in 1.72 ms, found 1 plugins.
Preloading 0 native plugins for Editor in 0.00 ms.
Invoked RoslynAnalysisRunner static constructor.
RoslynAnalysisRunner will not be running.
RoslynAnalysisRunner has terminated.
Mono: successfully reloaded assembly
- Completed reload, in  4.262 seconds
Platform modules already initialized, skipping
========================================================================
Worker process is ready to serve import requests
Launching external process: /Applications/Unity/2020.2.3f1/Unity.app/Contents/Tools/UnityShaderCompiler
Launched and connected shader compiler UnityShaderCompiler after 0.04 seconds
Refreshing native plugins compatible for Editor in 2.91 ms, found 1 plugins.
Preloading 0 native plugins for Editor in 0.00 ms.
Unloading 1993 Unused Serialized files (Serialized files now loaded: 0)
System memory in use before: 159.4 MB.
System memory in use after: 157.8 MB.

Unloading 49 unused Assets to reduce memory usage. Loaded Objects now: 2409.
Total: 12.914530 ms (FindLiveObjects: 3.293149 ms CreateObjectMapping: 0.141911 ms MarkObjects: 5.231532 ms  DeleteObjects: 4.245039 ms)

========================================================================
Received Import Request.
  path: Assets/_GameAssets/Animaciones
  artifactKey: Guid(dd249ba05fbd30a43b1086ebcb9e0bc7) Importer(815301076,1909f56bfc062723c751e8b465ee728b)
Start importing Assets/_GameAssets/Animaciones using Guid(dd249ba05fbd30a43b1086ebcb9e0bc7) Importer(815301076,1909f56bfc062723c751e8b465ee728b)  -> (artifact id: '237035c30a2032adf3c93975afae7f82') in 0.061635 seconds
  Import took 0.117424 seconds .

========================================================================
Received Prepare
Registering precompiled user dll's ...
Registered in 0.093975 seconds.
Begin MonoManager ReloadAssembly
Native extension for OSXStandalone target not found
Native extension for WebGL target not found
Refreshing native plugins compatible for Editor in 1.28 ms, found 1 plugins.
Preloading 0 native plugins for Editor in 0.00 ms.
Invoked RoslynAnalysisRunner static constructor.
RoslynAnalysisRunner will not be running.
RoslynAnalysisRunner has terminated.
Mono: successfully reloaded assembly
- Completed reload, in  4.622 seconds
Platform modules already initialized, skipping
Refreshing native plugins compatible for Editor in 1.45 ms, found 1 plugins.
Preloading 0 native plugins for Editor in 0.00 ms.
Unloading 1943 Unused Serialized files (Serialized files now loaded: 0)
System memory in use before: 156.2 MB.
System memory in use after: 154.7 MB.

Unloading 40 unused Assets to reduce memory usage. Loaded Objects now: 2411.
Total: 27.574160 ms (FindLiveObjects: 7.336320 ms CreateObjectMapping: 0.314860 ms MarkObjects: 9.285584 ms  DeleteObjects: 10.634532 ms)

========================================================================
Received Import Request.
  Time since last request: 1189.556379 seconds.
  path: Assets/_GameAssets/Scenes/MainScene.unity
  artifactKey: Guid(5b8535c9d1c308d448dee689df7fd165) Importer(815301076,1909f56bfc062723c751e8b465ee728b)
Start importing Assets/_GameAssets/Scenes/MainScene.unity using Guid(5b8535c9d1c308d448dee689df7fd165) Importer(815301076,1909f56bfc062723c751e8b465ee728b)  -> (artifact id: '08d4c85eeee66410b9817fb3cf150fa1') in 0.063191 seconds
  Import took 0.090538 seconds .

========================================================================
Received Prepare
Registering precompiled user dll's ...
Registered in 0.119994 seconds.
Begin MonoManager ReloadAssembly
Native extension for OSXStandalone target not found
Native extension for WebGL target not found
Refreshing native plugins compatible for Editor in 1.21 ms, found 1 plugins.
Preloading 0 native plugins for Editor in 0.00 ms.
Invoked RoslynAnalysisRunner static constructor.
RoslynAnalysisRunner will not be running.
RoslynAnalysisRunner has terminated.
Mono: successfully reloaded assembly
- Completed reload, in  8.129 seconds
Platform modules already initialized, skipping
Refreshing native plugins compatible for Editor in 1.25 ms, found 1 plugins.
Preloading 0 native plugins for Editor in 0.00 ms.
Unloading 1943 Unused Serialized files (Serialized files now loaded: 0)
System memory in use before: 156.7 MB.
System memory in use after: 155.2 MB.

Unloading 40 unused Assets to reduce memory usage. Loaded Objects now: 2413.
Total: 9.613047 ms (FindLiveObjects: 0.646906 ms CreateObjectMapping: 0.128601 ms MarkObjects: 4.415107 ms  DeleteObjects: 4.419339 ms)

