Using pre-set license

 COMMAND LINE ARGUMENTS:
/Applications/Unity/2020.2.3f1/Unity.app/Contents/MacOS/Unity
-adb2
-batchMode
-noUpm
-name
AssetImportWorker0
-projectPath
/Volumes/Mac HD 1T/Unity/Pruebas/14-PruebasIluminacion
-logFile
Logs/AssetImportWorker0.log
-srvPort
49820
Successfully changed project path to: /Volumes/Mac HD 1T/Unity/Pruebas/14-PruebasIluminacion
/Volumes/Mac HD 1T/Unity/Pruebas/14-PruebasIluminacion
Using Asset Import Pipeline V2.
Refreshing native plugins compatible for Editor in 175.09 ms, found 1 plugins.
Preloading 0 native plugins for Editor in 0.00 ms.
Initialize engine version: 2020.2.3f1 (8ff31bc5bf5b)
[Subsystems] Discovering subsystems at path /Applications/Unity/2020.2.3f1/Unity.app/Contents/Resources/UnitySubsystems
[Subsystems] Discovering subsystems at path /Volumes/Mac HD 1T/Unity/Pruebas/14-PruebasIluminacion/Assets
GfxDevice: creating device client; threaded=0
Renderer: NVIDIA GeForce 9400M OpenGL Engine
Vendor:   NVIDIA Corporation
Version:  3.3 NVIDIA-10.4.14 310.90.30.05b27
GLES:     0
 GL_ARB_blend_func_extended GL_ARB_ES2_compatibility GL_ARB_explicit_attrib_location GL_ARB_instanced_arrays GL_ARB_internalformat_query GL_ARB_occlusion_query2 GL_ARB_sampler_objects GL_ARB_separate_shader_objects GL_ARB_shader_bit_encoding GL_ARB_shading_language_include GL_ARB_texture_rgb10_a2ui GL_ARB_texture_storage GL_ARB_texture_swizzle GL_ARB_timer_query GL_ARB_vertex_type_2_10_10_10_rev GL_ARB_viewport_array GL_EXT_debug_label GL_EXT_debug_marker GL_EXT_depth_bounds_test GL_EXT_framebuffer_multisample_blit_scaled GL_EXT_texture_compression_s3tc GL_EXT_texture_filter_anisotropic GL_EXT_texture_mirror_clamp GL_EXT_texture_sRGB_decode GL_APPLE_client_storage GL_APPLE_container_object_shareable GL_APPLE_flush_render GL_APPLE_object_purgeable GL_APPLE_rgb_422 GL_APPLE_row_bytes GL_APPLE_texture_range GL_ATI_texture_mirror_once GL_NV_texture_barrier
OPENGL LOG: Creating OpenGL 3.3 graphics device ; Context level  <OpenGL 3.3> ; Context handle -443743232
Initialize mono
Mono path[0] = '/Applications/Unity/2020.2.3f1/Unity.app/Contents/Managed'
Mono path[1] = '/Applications/Unity/2020.2.3f1/Unity.app/Contents/MonoBleedingEdge/lib/mono/unityjit'
Mono config path = '/Applications/Unity/2020.2.3f1/Unity.app/Contents/MonoBleedingEdge/etc'
Using monoOptions --debugger-agent=transport=dt_socket,embedding=1,server=y,suspend=n,address=127.0.0.1:56703
Begin MonoManager ReloadAssembly
Registering precompiled unity dll's ...
Register platform support module: /Applications/Unity/2020.2.3f1/PlaybackEngines/WebGLSupport/UnityEditor.WebGL.Extensions.dll
Register platform support module: /Applications/Unity/2020.2.3f1/Unity.app/Contents/PlaybackEngines/MacStandaloneSupport/UnityEditor.OSXStandalone.Extensions.dll
Registered in 0.001364 seconds.
Native extension for OSXStandalone target not found
Native extension for WebGL target not found
Refreshing native plugins compatible for Editor in 155.12 ms, found 1 plugins.
Preloading 0 native plugins for Editor in 0.00 ms.
Invoked RoslynAnalysisRunner static constructor.
RoslynAnalysisRunner will not be running.
RoslynAnalysisRunner has terminated.
Mono: successfully reloaded assembly
- Completed reload, in 11.313 seconds
Platform modules already initialized, skipping
Registering precompiled user dll's ...
Registered in 0.004788 seconds.
Begin MonoManager ReloadAssembly
Native extension for OSXStandalone target not found
Native extension for WebGL target not found
Refreshing native plugins compatible for Editor in 2.68 ms, found 1 plugins.
Preloading 0 native plugins for Editor in 0.00 ms.
Invoked RoslynAnalysisRunner static constructor.
RoslynAnalysisRunner will not be running.
RoslynAnalysisRunner has terminated.
Mono: successfully reloaded assembly
- Completed reload, in  4.180 seconds
Platform modules already initialized, skipping
========================================================================
Worker process is ready to serve import requests
Launching external process: /Applications/Unity/2020.2.3f1/Unity.app/Contents/Tools/UnityShaderCompiler
Launched and connected shader compiler UnityShaderCompiler after 0.07 seconds
Refreshing native plugins compatible for Editor in 1.46 ms, found 1 plugins.
Preloading 0 native plugins for Editor in 0.00 ms.
Unloading 1993 Unused Serialized files (Serialized files now loaded: 0)
System memory in use before: 158.5 MB.
System memory in use after: 156.9 MB.

Unloading 49 unused Assets to reduce memory usage. Loaded Objects now: 2409.
Total: 13.100955 ms (FindLiveObjects: 0.640556 ms CreateObjectMapping: 0.139477 ms MarkObjects: 5.750094 ms  DeleteObjects: 6.567424 ms)

========================================================================
Received Import Request.
  path: Assets/_GameAssets/Scenes/Iluminacion.unity
  artifactKey: Guid(d0074e6e7e1bcf54c9788cfc36c9934f) Importer(815301076,1909f56bfc062723c751e8b465ee728b)
Start importing Assets/_GameAssets/Scenes/Iluminacion.unity using Guid(d0074e6e7e1bcf54c9788cfc36c9934f) Importer(815301076,1909f56bfc062723c751e8b465ee728b)  -> (artifact id: '1329678976ea0d31f08af05cfdf8a158') in 0.059431 seconds
  Import took 0.067521 seconds .

========================================================================
Received Import Request.
  Time since last request: 0.000415 seconds.
  path: Assets/_GameAssets/Scenes
  artifactKey: Guid(f66934646c8d82948963bf8ab8f66cb3) Importer(815301076,1909f56bfc062723c751e8b465ee728b)
Start importing Assets/_GameAssets/Scenes using Guid(f66934646c8d82948963bf8ab8f66cb3) Importer(815301076,1909f56bfc062723c751e8b465ee728b)  -> (artifact id: 'ee2885e44826d953ced06b3811c0685c') in 0.003130 seconds
  Import took 0.010373 seconds .

========================================================================
Received Import Request.
  Time since last request: 0.000275 seconds.
  path: Assets/_GameAssets/Scenes/MainScene.unity
  artifactKey: Guid(5b8535c9d1c308d448dee689df7fd165) Importer(815301076,1909f56bfc062723c751e8b465ee728b)
Start importing Assets/_GameAssets/Scenes/MainScene.unity using Guid(5b8535c9d1c308d448dee689df7fd165) Importer(815301076,1909f56bfc062723c751e8b465ee728b)  -> (artifact id: 'c45f404050bbe8e1b8ae714d7a49c10f') in 0.005092 seconds
  Import took 0.019052 seconds .

========================================================================
Received Import Request.
  Time since last request: 0.000999 seconds.
  path: Assets/_GameAssets
  artifactKey: Guid(d775ce9d964951a42a058984324f9354) Importer(815301076,1909f56bfc062723c751e8b465ee728b)
Start importing Assets/_GameAssets using Guid(d775ce9d964951a42a058984324f9354) Importer(815301076,1909f56bfc062723c751e8b465ee728b)  -> (artifact id: 'e54b9b194d6ca420cd09daaf1e71236b') in 0.002265 seconds
  Import took 0.011712 seconds .

========================================================================
Received Prepare
Registering precompiled user dll's ...
Registered in 0.004816 seconds.
Begin MonoManager ReloadAssembly
Native extension for OSXStandalone target not found
Native extension for WebGL target not found
Refreshing native plugins compatible for Editor in 1.22 ms, found 1 plugins.
Preloading 0 native plugins for Editor in 0.00 ms.
Invoked RoslynAnalysisRunner static constructor.
RoslynAnalysisRunner will not be running.
RoslynAnalysisRunner has terminated.
Mono: successfully reloaded assembly
- Completed reload, in  2.757 seconds
Platform modules already initialized, skipping
Refreshing native plugins compatible for Editor in 1.22 ms, found 1 plugins.
Preloading 0 native plugins for Editor in 0.00 ms.
Unloading 1943 Unused Serialized files (Serialized files now loaded: 0)
System memory in use before: 155.4 MB.
System memory in use after: 153.9 MB.

Unloading 40 unused Assets to reduce memory usage. Loaded Objects now: 2411.
Total: 8.409453 ms (FindLiveObjects: 0.544334 ms CreateObjectMapping: 0.140137 ms MarkObjects: 3.864396 ms  DeleteObjects: 3.858094 ms)

========================================================================
Received Prepare
Registering precompiled user dll's ...
Registered in 0.003850 seconds.
Begin MonoManager ReloadAssembly
Native extension for OSXStandalone target not found
Native extension for WebGL target not found
Refreshing native plugins compatible for Editor in 1.33 ms, found 1 plugins.
Preloading 0 native plugins for Editor in 0.00 ms.
Invoked RoslynAnalysisRunner static constructor.
RoslynAnalysisRunner will not be running.
RoslynAnalysisRunner has terminated.
Mono: successfully reloaded assembly
- Completed reload, in  2.206 seconds
Platform modules already initialized, skipping
Refreshing native plugins compatible for Editor in 1.30 ms, found 1 plugins.
Preloading 0 native plugins for Editor in 0.00 ms.
Unloading 1943 Unused Serialized files (Serialized files now loaded: 0)
System memory in use before: 155.9 MB.
System memory in use after: 154.4 MB.

Unloading 40 unused Assets to reduce memory usage. Loaded Objects now: 2413.
Total: 8.158444 ms (FindLiveObjects: 0.488333 ms CreateObjectMapping: 0.124413 ms MarkObjects: 3.555883 ms  DeleteObjects: 3.987117 ms)

========================================================================
Received Prepare
Registering precompiled user dll's ...
Registered in 0.003912 seconds.
Begin MonoManager ReloadAssembly
Native extension for OSXStandalone target not found
Native extension for WebGL target not found
Refreshing native plugins compatible for Editor in 1.80 ms, found 1 plugins.
Preloading 0 native plugins for Editor in 0.00 ms.
Invoked RoslynAnalysisRunner static constructor.
RoslynAnalysisRunner will not be running.
RoslynAnalysisRunner has terminated.
Mono: successfully reloaded assembly
- Completed reload, in  2.997 seconds
Platform modules already initialized, skipping
Refreshing native plugins compatible for Editor in 1.20 ms, found 1 plugins.
Preloading 0 native plugins for Editor in 0.00 ms.
Unloading 1943 Unused Serialized files (Serialized files now loaded: 0)
System memory in use before: 156.2 MB.
System memory in use after: 154.7 MB.

Unloading 40 unused Assets to reduce memory usage. Loaded Objects now: 2415.
Total: 10.908447 ms (FindLiveObjects: 0.546685 ms CreateObjectMapping: 0.245280 ms MarkObjects: 5.755194 ms  DeleteObjects: 4.357432 ms)

